<?xml version="1.0" encoding="utf-8"?><testsuites name="pytest tests"><testsuite name="pytest" errors="0" failures="0" skipped="0" tests="15" time="3.430" timestamp="2026-01-16T11:12:09.762235+00:00" hostname="agent-env-f8e37c0a-c808-4662-883c-27c8fcfcefa8"><testcase classname="tests.test_approval_refactor.TestAdminLogin" name="test_admin_login_success" time="0.287" /><testcase classname="tests.test_approval_refactor.TestAdminLogin" name="test_admin_login_wrong_password" time="0.266" /><testcase classname="tests.test_approval_refactor.TestAdminLogin" name="test_admin_login_wrong_username" time="0.040" /><testcase classname="tests.test_approval_refactor.TestPendingApprovals" name="test_get_pending_approvals_authenticated" time="0.309" /><testcase classname="tests.test_approval_refactor.TestPendingApprovals" name="test_get_pending_approvals_unauthenticated" time="0.035" /><testcase classname="tests.test_approval_refactor.TestPendingApprovals" name="test_pending_approvals_structure" time="0.345" /><testcase classname="tests.test_approval_refactor.TestApprovalActions" name="test_approve_order_success" time="0.383" /><testcase classname="tests.test_approval_refactor.TestApprovalActions" name="test_reject_order_success" time="0.378" /><testcase classname="tests.test_approval_refactor.TestApprovalActions" name="test_approve_nonexistent_order" time="0.296" /><testcase classname="tests.test_approval_refactor.TestApprovalActions" name="test_invalid_action" time="0.338" /><testcase classname="tests.test_approval_refactor.TestApprovalActions" name="test_approve_without_auth" time="0.038" /><testcase classname="tests.test_approval_refactor.TestLegacyEndpointRemoved" name="test_legacy_review_endpoint_returns_404" time="0.296" /><testcase classname="tests.test_approval_refactor.TestLegacyEndpointRemoved" name="test_legacy_review_get_returns_404" time="0.033" /><testcase classname="tests.test_approval_refactor.TestAdminDashboard" name="test_dashboard_loads" time="0.298" /><testcase classname="tests.test_approval_refactor.TestHealthCheck" name="test_health_endpoint" time="0.036" /></testsuite></testsuites>