<?xml version="1.0" encoding="utf-8"?><testsuites name="pytest tests"><testsuite name="pytest" errors="0" failures="0" skipped="0" tests="22" time="2.460" timestamp="2026-01-15T09:04:36.960893+00:00" hostname="agent-env-d22b8b17-1faa-4292-9873-430740ebd81c"><testcase classname="tests.test_gaming_platform_v1.TestAdminAuthentication" name="test_admin_magic_link_request" time="0.306" /><testcase classname="tests.test_gaming_platform_v1.TestAdminAuthentication" name="test_admin_magic_link_consume" time="0.308" /><testcase classname="tests.test_gaming_platform_v1.TestAdminAuthentication" name="test_admin_login_invalid_password" time="0.262" /><testcase classname="tests.test_gaming_platform_v1.TestAdminDashboardStats" name="test_admin_stats_endpoint" time="0.378" /><testcase classname="tests.test_gaming_platform_v1.TestAdminDashboardStats" name="test_admin_stats_requires_auth" time="0.037" /><testcase classname="tests.test_gaming_platform_v1.TestAdminGamesAPI" name="test_admin_games_list" time="0.042" /><testcase classname="tests.test_gaming_platform_v1.TestAdminGamesAPI" name="test_admin_games_requires_auth" time="0.033" /><testcase classname="tests.test_gaming_platform_v1.TestAdminSettingsAPI" name="test_admin_settings_get" time="0.034" /><testcase classname="tests.test_gaming_platform_v1.TestAdminSettingsAPI" name="test_admin_settings_update" time="0.147" /><testcase classname="tests.test_gaming_platform_v1.TestAdminSettingsAPI" name="test_admin_settings_requires_auth" time="0.037" /><testcase classname="tests.test_gaming_platform_v1.TestRulesEnginePerGameRules" name="test_update_game_rules" time="0.145" /><testcase classname="tests.test_gaming_platform_v1.TestRulesEnginePerClientOverrides" name="test_list_clients" time="0.038" /><testcase classname="tests.test_gaming_platform_v1.TestRulesEnginePerClientOverrides" name="test_search_clients" time="0.038" /><testcase classname="tests.test_gaming_platform_v1.TestRulesEnginePerClientOverrides" name="test_update_client_bonus" time="0.113" /><testcase classname="tests.test_gaming_platform_v1.TestDepositValidationAPI" name="test_deposit_validate_success" time="0.075" /><testcase classname="tests.test_gaming_platform_v1.TestDepositValidationAPI" name="test_deposit_validate_with_referral" time="0.073" /><testcase classname="tests.test_gaming_platform_v1.TestDepositValidationAPI" name="test_deposit_validate_invalid_game" time="0.042" /><testcase classname="tests.test_gaming_platform_v1.TestDepositValidationAPI" name="test_deposit_validate_below_minimum" time="0.075" /><testcase classname="tests.test_gaming_platform_v1.TestWithdrawalValidationAPI" name="test_withdrawal_validate" time="0.076" /><testcase classname="tests.test_gaming_platform_v1.TestWithdrawalValidationAPI" name="test_withdrawal_validate_invalid_game" time="0.045" /><testcase classname="tests.test_gaming_platform_v1.TestPublicGamesAPI" name="test_public_games_list" time="0.043" /><testcase classname="tests.test_gaming_platform_v1.TestHealthCheck" name="test_health_endpoint" time="0.050" /></testsuite></testsuites>