<?xml version="1.0" encoding="utf-8"?><testsuites name="pytest tests"><testsuite name="pytest" errors="0" failures="0" skipped="0" tests="27" time="2.276" timestamp="2026-01-14T14:56:51.702746+00:00" hostname="agent-env-bc29cb04-889e-4a1f-a742-20783b604bea"><testcase classname="tests.test_phase4_settings.TestAdminAuth" name="test_admin_login_success" time="0.303" /><testcase classname="tests.test_phase4_settings.TestAdminAuth" name="test_admin_login_invalid_credentials" time="0.036" /><testcase classname="tests.test_phase4_settings.TestGetSettings" name="test_get_all_settings" time="0.317" /><testcase classname="tests.test_phase4_settings.TestGetSettings" name="test_get_referral_tiers" time="0.037" /><testcase classname="tests.test_phase4_settings.TestGetSettings" name="test_get_bonus_milestones" time="0.035" /><testcase classname="tests.test_phase4_settings.TestGetSettings" name="test_get_anti_fraud_settings" time="0.046" /><testcase classname="tests.test_phase4_settings.TestGetSettings" name="test_get_settings_unauthorized" time="0.053" /><testcase classname="tests.test_phase4_settings.TestUpdateGlobalSettings" name="test_update_feature_toggles" time="0.134" /><testcase classname="tests.test_phase4_settings.TestUpdateGlobalSettings" name="test_update_invalid_field" time="0.038" /><testcase classname="tests.test_phase4_settings.TestReferralTiers" name="test_update_all_tiers" time="0.046" /><testcase classname="tests.test_phase4_settings.TestReferralTiers" name="test_add_new_tier" time="0.040" /><testcase classname="tests.test_phase4_settings.TestReferralTiers" name="test_add_duplicate_tier" time="0.042" /><testcase classname="tests.test_phase4_settings.TestReferralTiers" name="test_delete_tier" time="0.115" /><testcase classname="tests.test_phase4_settings.TestReferralTiers" name="test_cannot_delete_base_tier" time="0.038" /><testcase classname="tests.test_phase4_settings.TestReferralTiers" name="test_tier_validation" time="0.034" /><testcase classname="tests.test_phase4_settings.TestBonusMilestones" name="test_update_all_milestones" time="0.036" /><testcase classname="tests.test_phase4_settings.TestBonusMilestones" name="test_add_new_milestone" time="0.043" /><testcase classname="tests.test_phase4_settings.TestBonusMilestones" name="test_add_duplicate_milestone" time="0.039" /><testcase classname="tests.test_phase4_settings.TestBonusMilestones" name="test_delete_milestone" time="0.152" /><testcase classname="tests.test_phase4_settings.TestBonusMilestones" name="test_milestone_validation" time="0.037" /><testcase classname="tests.test_phase4_settings.TestAntiFraudSettings" name="test_update_anti_fraud_settings" time="0.039" /><testcase classname="tests.test_phase4_settings.TestAntiFraudSettings" name="test_disable_anti_fraud" time="0.117" /><testcase classname="tests.test_phase4_settings.TestResetDefaults" name="test_reset_tiers_to_defaults" time="0.077" /><testcase classname="tests.test_phase4_settings.TestResetDefaults" name="test_reset_milestones_to_defaults" time="0.099" /><testcase classname="tests.test_phase4_settings.TestResetDefaults" name="test_reset_antifraud_to_defaults" time="0.074" /><testcase classname="tests.test_phase4_settings.TestResetDefaults" name="test_reset_all_to_defaults" time="0.076" /><testcase classname="tests.test_phase4_settings.TestResetDefaults" name="test_reset_invalid_section" time="0.035" /></testsuite></testsuites>