<?xml version="1.0" encoding="utf-8"?><testsuites name="pytest tests"><testsuite name="pytest" errors="0" failures="0" skipped="0" tests="16" time="4.573" timestamp="2026-01-16T06:26:58.920731+00:00" hostname="agent-env-b3c1fd48-ab40-474b-9344-3c0656760bbd"><testcase classname="tests.test_admin_api.TestAdminAuth" name="test_admin_login_success" time="0.296" /><testcase classname="tests.test_admin_api.TestAdminAuth" name="test_admin_login_invalid_credentials" time="0.260" /><testcase classname="tests.test_admin_api.TestAdminDashboard" name="test_dashboard_loads" time="0.302" /><testcase classname="tests.test_admin_api.TestAdminDashboard" name="test_dashboard_unauthorized" time="0.038" /><testcase classname="tests.test_admin_api.TestAdminGames" name="test_list_games" time="0.302" /><testcase classname="tests.test_admin_api.TestAdminClients" name="test_list_clients" time="0.335" /><testcase classname="tests.test_admin_api.TestAdminApprovals" name="test_pending_approvals" time="0.295" /><testcase classname="tests.test_admin_api.TestAdminSystemWebhooks" name="test_list_webhooks" time="0.294" /><testcase classname="tests.test_admin_api.TestAdminSystemWebhooks" name="test_create_webhook" time="0.352" /><testcase classname="tests.test_admin_api.TestAdminSystemAPIKeys" name="test_list_api_keys" time="0.296" /><testcase classname="tests.test_admin_api.TestAdminSystemAPIKeys" name="test_create_api_key" time="0.337" /><testcase classname="tests.test_admin_api.TestAdminSettings" name="test_get_settings" time="0.288" /><testcase classname="tests.test_admin_api.TestAdminSettings" name="test_get_system_config" time="0.294" /><testcase classname="tests.test_admin_api.TestAdminRules" name="test_get_rules" time="0.377" /><testcase classname="tests.test_admin_api.TestAdminReferrals" name="test_referral_dashboard" time="0.330" /><testcase classname="tests.test_admin_api.TestHealthCheck" name="test_health_endpoint" time="0.031" /></testsuite></testsuites>