<?xml version="1.0" encoding="utf-8"?><testsuites name="pytest tests"><testsuite name="pytest" errors="0" failures="0" skipped="0" tests="26" time="4.790" timestamp="2026-01-14T16:08:23.748238+00:00" hostname="agent-env-bc29cb04-889e-4a1f-a742-20783b604bea"><testcase classname="tests.test_public_games.TestPublicGamesNoAuth" name="test_get_public_games_list" time="0.080" /><testcase classname="tests.test_public_games.TestPublicGamesNoAuth" name="test_get_public_games_with_search" time="0.044" /><testcase classname="tests.test_public_games.TestPublicGamesNoAuth" name="test_get_public_games_with_availability_filter" time="0.044" /><testcase classname="tests.test_public_games.TestPublicGamesNoAuth" name="test_get_public_games_featured_only" time="0.036" /><testcase classname="tests.test_public_games.TestPublicGamesNoAuth" name="test_get_public_games_with_category" time="0.050" /><testcase classname="tests.test_public_games.TestPublicGamesNoAuth" name="test_get_public_games_pagination" time="0.040" /><testcase classname="tests.test_public_games.TestPublicGameDetail" name="test_get_public_game_detail" time="0.085" /><testcase classname="tests.test_public_games.TestPublicGameDetail" name="test_get_public_game_not_found" time="0.045" /><testcase classname="tests.test_public_games.TestPublicCategories" name="test_get_categories_list" time="0.036" /><testcase classname="tests.test_public_games.TestPublicSiteInfo" name="test_get_site_info" time="0.038" /><testcase classname="tests.test_public_games.TestAdminGameManagement" name="test_admin_login_success" time="0.262" /><testcase classname="tests.test_public_games.TestAdminGameManagement" name="test_admin_get_games" time="0.337" /><testcase classname="tests.test_public_games.TestAdminGameManagement" name="test_admin_create_game_with_new_fields" time="0.297" /><testcase classname="tests.test_public_games.TestAdminGameManagement" name="test_admin_update_availability_status" time="0.380" /><testcase classname="tests.test_public_games.TestAdminGameManagement" name="test_admin_toggle_featured_status" time="0.339" /><testcase classname="tests.test_public_games.TestAdminGameManagement" name="test_admin_update_download_url" time="0.346" /><testcase classname="tests.test_public_games.TestAdminGameManagement" name="test_admin_update_platforms" time="0.299" /><testcase classname="tests.test_public_games.TestAdminGameManagement" name="test_admin_update_show_credentials" time="0.296" /><testcase classname="tests.test_public_games.TestAdminGameManagement" name="test_admin_update_allow_recharge" time="0.300" /><testcase classname="tests.test_public_games.TestAdminGameManagement" name="test_admin_deactivate_game" time="0.377" /><testcase classname="tests.test_public_games.TestAdminGameManagement" name="test_admin_reactivate_game" time="0.303" /><testcase classname="tests.test_public_games.TestPublicGamesVerification" name="test_public_games_shows_featured_badge" time="0.040" /><testcase classname="tests.test_public_games.TestPublicGamesVerification" name="test_public_games_shows_availability_status" time="0.082" /><testcase classname="tests.test_public_games.TestPublicGamesVerification" name="test_public_games_shows_download_url" time="0.038" /><testcase classname="tests.test_public_games.TestPublicGamesVerification" name="test_public_games_shows_platforms" time="0.039" /><testcase classname="tests.test_public_games.TestCleanup" name="test_cleanup_test_games" time="0.419" /></testsuite></testsuites>