<?xml version="1.0" encoding="utf-8"?><testsuites name="pytest tests"><testsuite name="pytest" errors="0" failures="1" skipped="0" tests="22" time="7.366" timestamp="2026-01-14T14:22:30.214999+00:00" hostname="agent-env-bc29cb04-889e-4a1f-a742-20783b604bea"><testcase classname="tests.test_phase2_admin_orders.TestAdminAuthentication" name="test_admin_login_success" time="0.307" /><testcase classname="tests.test_phase2_admin_orders.TestAdminAuthentication" name="test_admin_login_invalid_credentials" time="0.043" /><testcase classname="tests.test_phase2_admin_orders.TestAdminOrdersEndpoints" name="test_get_orders_list" time="0.307" /><testcase classname="tests.test_phase2_admin_orders.TestAdminOrdersEndpoints" name="test_get_orders_with_status_filter" time="0.302" /><testcase classname="tests.test_phase2_admin_orders.TestAdminOrdersEndpoints" name="test_get_orders_with_type_filter" time="0.296" /><testcase classname="tests.test_phase2_admin_orders.TestAdminOrdersEndpoints" name="test_get_order_detail" time="0.344" /><testcase classname="tests.test_phase2_admin_orders.TestAdminOrdersEndpoints" name="test_get_nonexistent_order" time="0.295" /><testcase classname="tests.test_phase2_admin_orders.TestOrderEditConfirmReject" name="test_edit_order_amount" time="0.381" /><testcase classname="tests.test_phase2_admin_orders.TestOrderEditConfirmReject" name="test_edit_order_invalid_amount" time="0.376" /><testcase classname="tests.test_phase2_admin_orders.TestTelegramAPIEndpoints" name="test_telegram_api_without_key" time="0.335" /><testcase classname="tests.test_phase2_admin_orders.TestTelegramAPIEndpoints" name="test_telegram_api_with_invalid_key" time="0.293" /><testcase classname="tests.test_phase2_admin_orders.TestTelegramAPIEndpoints" name="test_get_pending_orders" time="0.294" /><testcase classname="tests.test_phase2_admin_orders.TestTelegramAPIEndpoints" name="test_get_pending_orders_with_type_filter" time="0.336" /><testcase classname="tests.test_phase2_admin_orders.TestTelegramAPIEndpoints" name="test_get_order_detail_telegram" time="0.336" /><testcase classname="tests.test_phase2_admin_orders.TestTelegramAPIEndpoints" name="test_edit_order_via_telegram" time="0.378"><failure message="assert 25.0 == 35.0">tests/test_phase2_admin_orders.py:363: in test_edit_order_via_telegram
    assert data["original_amount"] == original_amount
E   assert 25.0 == 35.0</failure></testcase><testcase classname="tests.test_phase2_admin_orders.TestTelegramAPIEndpoints" name="test_reject_order_via_telegram" time="0.442" /><testcase classname="tests.test_phase2_admin_orders.TestCashInCashOutFlow" name="test_create_cash_in_order" time="0.335" /><testcase classname="tests.test_phase2_admin_orders.TestCashInCashOutFlow" name="test_confirm_cash_in_order" time="0.368" /><testcase classname="tests.test_phase2_admin_orders.TestCashInCashOutFlow" name="test_create_cash_out_order" time="0.449" /><testcase classname="tests.test_phase2_admin_orders.TestCashInCashOutFlow" name="test_get_client_balance" time="0.334" /><testcase classname="tests.test_phase2_admin_orders.TestAdminDashboardStats" name="test_dashboard_stats_include_orders" time="0.356" /><testcase classname="tests.test_phase2_admin_orders.TestAdminDashboardStats" name="test_attention_required_items" time="0.295" /></testsuite></testsuites>