<?xml version="1.0" encoding="utf-8"?><testsuites name="pytest tests"><testsuite name="pytest" errors="0" failures="3" skipped="0" tests="21" time="7.245" timestamp="2026-01-14T15:22:23.936938+00:00" hostname="agent-env-bc29cb04-889e-4a1f-a742-20783b604bea"><testcase classname="tests.test_phase5_visibility_password.TestAdminAuth" name="test_admin_login_success" time="0.309" /><testcase classname="tests.test_phase5_visibility_password.TestAdminAuth" name="test_admin_login_invalid" time="0.262" /><testcase classname="tests.test_phase5_visibility_password.TestClientVisibilityAdmin" name="test_update_visibility_to_full" time="0.307" /><testcase classname="tests.test_phase5_visibility_password.TestClientVisibilityAdmin" name="test_update_visibility_to_summary" time="0.340" /><testcase classname="tests.test_phase5_visibility_password.TestClientVisibilityAdmin" name="test_update_visibility_to_hidden" time="0.308" /><testcase classname="tests.test_phase5_visibility_password.TestClientVisibilityAdmin" name="test_get_client_shows_visibility" time="0.319" /><testcase classname="tests.test_phase5_visibility_password.TestClientPasswordAuth" name="test_login_nonexistent_user" time="0.045" /><testcase classname="tests.test_phase5_visibility_password.TestClientPasswordAuth" name="test_login_wrong_password" time="0.080" /><testcase classname="tests.test_phase5_visibility_password.TestPasswordSetupAndLogin" name="test_auth_status_without_password" time="0.081" /><testcase classname="tests.test_phase5_visibility_password.TestPasswordSetupAndLogin" name="test_setup_password_success" time="0.561" /><testcase classname="tests.test_phase5_visibility_password.TestPasswordSetupAndLogin" name="test_setup_password_short_username" time="0.084" /><testcase classname="tests.test_phase5_visibility_password.TestPasswordSetupAndLogin" name="test_setup_password_short_password" time="0.081" /><testcase classname="tests.test_phase5_visibility_password.TestVisibilityLevelEffects" name="test_full_visibility_shows_all_data" time="0.390" /><testcase classname="tests.test_phase5_visibility_password.TestVisibilityLevelEffects" name="test_summary_visibility_hides_transactions" time="0.431" /><testcase classname="tests.test_phase5_visibility_password.TestVisibilityLevelEffects" name="test_hidden_visibility_shows_minimal" time="0.428" /><testcase classname="tests.test_phase5_visibility_password.TestVisibilityLevelEffects" name="test_credentials_hidden_for_non_full" time="0.410" /><testcase classname="tests.test_phase5_visibility_password.TestVisibilityLevelEffects" name="test_wallets_forbidden_for_hidden" time="0.457" /><testcase classname="tests.test_phase5_visibility_password.TestJWTClientAuth" name="test_jwt_auth_for_dashboard" time="0.651"><failure message="assert 401 == 200&#10; +  where 401 = &lt;Response [401]&gt;.status_code">tests/test_phase5_visibility_password.py:391: in test_jwt_auth_for_dashboard
    assert response.status_code == 200
E   assert 401 == 200
E    +  where 401 = &lt;Response [401]&gt;.status_code</failure></testcase><testcase classname="tests.test_phase5_visibility_password.TestJWTClientAuth" name="test_jwt_auth_for_profile" time="0.615"><failure message="assert 401 == 200&#10; +  where 401 = &lt;Response [401]&gt;.status_code">tests/test_phase5_visibility_password.py:401: in test_jwt_auth_for_profile
    assert response.status_code == 200
E   assert 401 == 200
E    +  where 401 = &lt;Response [401]&gt;.status_code</failure></testcase><testcase classname="tests.test_phase5_visibility_password.TestJWTClientAuth" name="test_jwt_auth_for_auth_status" time="0.674"><failure message="assert 401 == 200&#10; +  where 401 = &lt;Response [401]&gt;.status_code">tests/test_phase5_visibility_password.py:411: in test_jwt_auth_for_auth_status
    assert response.status_code == 200
E   assert 401 == 200
E    +  where 401 = &lt;Response [401]&gt;.status_code</failure></testcase><testcase classname="tests.test_phase5_visibility_password.TestCleanup" name="test_reset_visibility_to_full" time="0.300" /></testsuite></testsuites>